[02-Jun-2023 20:49:08 America/Bogota] [CPANELICSIMPORT: Touch file created for jzapata@janos.com.co]
[02-Jun-2023 20:49:08 America/Bogota] PHP Warning:  filesize(): stat failed for /home/janoscom/.cpanel/icals/jzapata@janos.com.co.ics in /usr/local/cpanel/base/3rdparty/roundcube/plugins/cpanelicsimport/cpanelicsimport.php on line 102
[02-Jun-2023 20:49:08 America/Bogota] [CPANELVCFIMPORT: Touch file created for jzapata@janos.com.co]
[02-Jun-2023 20:49:08 America/Bogota] PHP Warning:  filesize(): stat failed for /home/janoscom/.cpanel/vcards/jzapata@janos.com.co.vcf in /usr/local/cpanel/base/3rdparty/roundcube/plugins/cpanelvcfimport/cpanelvcfimport.php on line 81
[02-Jun-2023 20:49:09 America/Bogota] PHP Warning:  Undefined array key "message" in /usr/local/cpanel/base/3rdparty/roundcube/program/include/rcmail_action.php on line 239
[02-Jun-2023 20:49:09 America/Bogota] PHP Warning:  Undefined array key "message" in /usr/local/cpanel/base/3rdparty/roundcube/program/include/rcmail_action.php on line 239
[02-Jun-2023 20:49:10 America/Bogota] PHP Warning:  Undefined array key "message" in /usr/local/cpanel/base/3rdparty/roundcube/program/include/rcmail_action.php on line 239
[02-Jun-2023 20:49:10 America/Bogota] PHP Warning:  Undefined array key "message" in /usr/local/cpanel/base/3rdparty/roundcube/program/include/rcmail_action.php on line 239
[02-Jun-2023 20:49:30 America/Bogota] PHP Deprecated:  preg_match(): Passing null to parameter #2 ($subject) of type string is deprecated in /usr/local/cpanel/base/3rdparty/roundcube/program/lib/Roundcube/bootstrap.php on line 155
[02-Jun-2023 20:49:30 America/Bogota] PHP Deprecated:  preg_match(): Passing null to parameter #2 ($subject) of type string is deprecated in /usr/local/cpanel/base/3rdparty/roundcube/program/lib/Roundcube/bootstrap.php on line 155
[02-Jun-2023 20:50:30 America/Bogota] PHP Warning:  Undefined array key "message" in /usr/local/cpanel/base/3rdparty/roundcube/program/include/rcmail_action.php on line 239
[02-Jun-2023 20:50:30 America/Bogota] PHP Warning:  Undefined array key "message" in /usr/local/cpanel/base/3rdparty/roundcube/program/include/rcmail_action.php on line 239
[02-Jun-2023 20:50:30 America/Bogota] PHP Warning:  Undefined array key "message" in /usr/local/cpanel/base/3rdparty/roundcube/program/include/rcmail_action.php on line 239
[02-Jun-2023 20:50:30 America/Bogota] PHP Warning:  Undefined array key "message" in /usr/local/cpanel/base/3rdparty/roundcube/program/include/rcmail_action.php on line 239
[02-Jun-2023 20:52:26 America/Bogota] PHP Warning:  Undefined array key "message" in /usr/local/cpanel/base/3rdparty/roundcube/program/include/rcmail_action.php on line 239
[02-Jun-2023 20:52:26 America/Bogota] PHP Warning:  Undefined array key "message" in /usr/local/cpanel/base/3rdparty/roundcube/program/include/rcmail_action.php on line 239
[02-Jun-2023 20:52:36 America/Bogota] PHP Deprecated:  preg_match(): Passing null to parameter #2 ($subject) of type string is deprecated in /usr/local/cpanel/base/3rdparty/roundcube/program/lib/Roundcube/bootstrap.php on line 155
[02-Jun-2023 20:52:36 America/Bogota] PHP Deprecated:  preg_match(): Passing null to parameter #2 ($subject) of type string is deprecated in /usr/local/cpanel/base/3rdparty/roundcube/program/lib/Roundcube/bootstrap.php on line 155
[02-Jun-2023 20:53:52 America/Bogota] PHP Warning:  Undefined array key "message" in /usr/local/cpanel/base/3rdparty/roundcube/program/include/rcmail_action.php on line 239
[02-Jun-2023 20:53:52 America/Bogota] PHP Warning:  Undefined array key "message" in /usr/local/cpanel/base/3rdparty/roundcube/program/include/rcmail_action.php on line 239
[02-Jun-2023 20:53:52 America/Bogota] PHP Warning:  Undefined array key "message" in /usr/local/cpanel/base/3rdparty/roundcube/program/include/rcmail_action.php on line 239
[02-Jun-2023 20:53:52 America/Bogota] PHP Warning:  Undefined array key "message" in /usr/local/cpanel/base/3rdparty/roundcube/program/include/rcmail_action.php on line 239
[02-Jun-2023 20:56:14 America/Bogota] PHP Warning:  Undefined array key "message" in /usr/local/cpanel/base/3rdparty/roundcube/program/include/rcmail_action.php on line 239
[02-Jun-2023 20:56:14 America/Bogota] PHP Warning:  Undefined array key "message" in /usr/local/cpanel/base/3rdparty/roundcube/program/include/rcmail_action.php on line 239
[02-Jun-2023 20:56:15 America/Bogota] PHP Warning:  Undefined array key "message" in /usr/local/cpanel/base/3rdparty/roundcube/program/include/rcmail_action.php on line 239
[02-Jun-2023 20:56:15 America/Bogota] PHP Warning:  Undefined array key "message" in /usr/local/cpanel/base/3rdparty/roundcube/program/include/rcmail_action.php on line 239
[02-Jun-2023 21:04:58 America/Bogota] PHP Warning:  Undefined array key "message" in /usr/local/cpanel/base/3rdparty/roundcube/program/include/rcmail_action.php on line 239
[02-Jun-2023 21:04:58 America/Bogota] PHP Warning:  Undefined array key "message" in /usr/local/cpanel/base/3rdparty/roundcube/program/include/rcmail_action.php on line 239
[02-Jun-2023 21:04:59 America/Bogota] PHP Warning:  Undefined array key "message" in /usr/local/cpanel/base/3rdparty/roundcube/program/include/rcmail_action.php on line 239
[02-Jun-2023 21:04:59 America/Bogota] PHP Warning:  Undefined array key "message" in /usr/local/cpanel/base/3rdparty/roundcube/program/include/rcmail_action.php on line 239
[02-Jun-2023 21:05:02 America/Bogota] PHP Warning:  Undefined array key "message" in /usr/local/cpanel/base/3rdparty/roundcube/program/include/rcmail_action.php on line 239
[02-Jun-2023 21:05:02 America/Bogota] PHP Warning:  Undefined array key "message" in /usr/local/cpanel/base/3rdparty/roundcube/program/include/rcmail_action.php on line 239
[02-Jun-2023 21:05:28 America/Bogota] PHP Warning:  Undefined array key "message" in /usr/local/cpanel/base/3rdparty/roundcube/program/include/rcmail_action.php on line 239
[02-Jun-2023 21:05:28 America/Bogota] PHP Warning:  Undefined array key "message" in /usr/local/cpanel/base/3rdparty/roundcube/program/include/rcmail_action.php on line 239
[02-Jun-2023 21:05:34 America/Bogota] PHP Warning:  Undefined array key "message" in /usr/local/cpanel/base/3rdparty/roundcube/program/include/rcmail_action.php on line 239
[02-Jun-2023 21:05:34 America/Bogota] PHP Warning:  Undefined array key "message" in /usr/local/cpanel/base/3rdparty/roundcube/program/include/rcmail_action.php on line 239
[02-Jun-2023 21:05:35 America/Bogota] PHP Warning:  Undefined array key "message" in /usr/local/cpanel/base/3rdparty/roundcube/program/include/rcmail_action.php on line 239
[02-Jun-2023 21:05:35 America/Bogota] PHP Warning:  Undefined array key "message" in /usr/local/cpanel/base/3rdparty/roundcube/program/include/rcmail_action.php on line 239
[02-Jun-2023 21:05:41 America/Bogota] PHP Warning:  Undefined array key "message" in /usr/local/cpanel/base/3rdparty/roundcube/program/include/rcmail_action.php on line 239
[02-Jun-2023 21:05:41 America/Bogota] PHP Warning:  Undefined array key "message" in /usr/local/cpanel/base/3rdparty/roundcube/program/include/rcmail_action.php on line 239
[02-Jun-2023 21:05:43 America/Bogota] PHP Warning:  Undefined array key "message" in /usr/local/cpanel/base/3rdparty/roundcube/program/include/rcmail_action.php on line 239
[02-Jun-2023 21:05:43 America/Bogota] PHP Warning:  Undefined array key "message" in /usr/local/cpanel/base/3rdparty/roundcube/program/include/rcmail_action.php on line 239
[02-Jun-2023 21:05:46 America/Bogota] PHP Warning:  Undefined array key "message" in /usr/local/cpanel/base/3rdparty/roundcube/program/include/rcmail_action.php on line 239
[02-Jun-2023 21:05:46 America/Bogota] PHP Warning:  Undefined array key "message" in /usr/local/cpanel/base/3rdparty/roundcube/program/include/rcmail_action.php on line 239
[02-Jun-2023 21:06:02 America/Bogota] PHP Deprecated:  preg_match(): Passing null to parameter #2 ($subject) of type string is deprecated in /usr/local/cpanel/base/3rdparty/roundcube/program/lib/Roundcube/bootstrap.php on line 155
[02-Jun-2023 21:06:02 America/Bogota] PHP Deprecated:  preg_match(): Passing null to parameter #2 ($subject) of type string is deprecated in /usr/local/cpanel/base/3rdparty/roundcube/program/lib/Roundcube/bootstrap.php on line 155
[02-Jun-2023 21:06:04 America/Bogota] PHP Warning:  Undefined array key "message" in /usr/local/cpanel/base/3rdparty/roundcube/program/include/rcmail_action.php on line 239
[02-Jun-2023 21:06:04 America/Bogota] PHP Warning:  Undefined array key "message" in /usr/local/cpanel/base/3rdparty/roundcube/program/include/rcmail_action.php on line 239
[02-Jun-2023 21:06:04 America/Bogota] PHP Warning:  Undefined array key "message" in /usr/local/cpanel/base/3rdparty/roundcube/program/include/rcmail_action.php on line 239
[02-Jun-2023 21:06:04 America/Bogota] PHP Warning:  Undefined array key "message" in /usr/local/cpanel/base/3rdparty/roundcube/program/include/rcmail_action.php on line 239
[02-Jun-2023 21:07:06 America/Bogota] PHP Warning:  Undefined array key "message" in /usr/local/cpanel/base/3rdparty/roundcube/program/include/rcmail_action.php on line 239
[02-Jun-2023 21:07:06 America/Bogota] PHP Warning:  Undefined array key "message" in /usr/local/cpanel/base/3rdparty/roundcube/program/include/rcmail_action.php on line 239
[02-Jun-2023 21:24:06 America/Bogota] PHP Warning:  Undefined array key "message" in /usr/local/cpanel/base/3rdparty/roundcube/program/include/rcmail_action.php on line 239
[02-Jun-2023 21:24:06 America/Bogota] PHP Warning:  Undefined array key "message" in /usr/local/cpanel/base/3rdparty/roundcube/program/include/rcmail_action.php on line 239
[02-Jun-2023 21:24:08 America/Bogota] PHP Warning:  Undefined array key "message" in /usr/local/cpanel/base/3rdparty/roundcube/program/include/rcmail_action.php on line 239
[02-Jun-2023 21:24:08 America/Bogota] PHP Warning:  Undefined array key "message" in /usr/local/cpanel/base/3rdparty/roundcube/program/include/rcmail_action.php on line 239
[02-Jun-2023 21:31:27 America/Bogota] PHP Warning:  Undefined array key "message" in /usr/local/cpanel/base/3rdparty/roundcube/program/include/rcmail_action.php on line 239
[02-Jun-2023 21:31:27 America/Bogota] PHP Warning:  Undefined array key "message" in /usr/local/cpanel/base/3rdparty/roundcube/program/include/rcmail_action.php on line 239
[02-Jun-2023 21:31:28 America/Bogota] PHP Warning:  Undefined array key "message" in /usr/local/cpanel/base/3rdparty/roundcube/program/include/rcmail_action.php on line 239
[02-Jun-2023 21:31:28 America/Bogota] PHP Warning:  Undefined array key "message" in /usr/local/cpanel/base/3rdparty/roundcube/program/include/rcmail_action.php on line 239
[02-Jun-2023 21:33:25 America/Bogota] PHP Warning:  Undefined array key "message" in /usr/local/cpanel/base/3rdparty/roundcube/program/include/rcmail_action.php on line 239
[02-Jun-2023 21:33:25 America/Bogota] PHP Warning:  Undefined array key "message" in /usr/local/cpanel/base/3rdparty/roundcube/program/include/rcmail_action.php on line 239
[02-Jun-2023 21:33:26 America/Bogota] PHP Warning:  Undefined array key "message" in /usr/local/cpanel/base/3rdparty/roundcube/program/include/rcmail_action.php on line 239
[02-Jun-2023 21:33:26 America/Bogota] PHP Warning:  Undefined array key "message" in /usr/local/cpanel/base/3rdparty/roundcube/program/include/rcmail_action.php on line 239
[02-Jun-2023 21:33:33 America/Bogota] PHP Warning:  Undefined array key "message" in /usr/local/cpanel/base/3rdparty/roundcube/program/include/rcmail_action.php on line 239
[02-Jun-2023 21:33:33 America/Bogota] PHP Warning:  Undefined array key "message" in /usr/local/cpanel/base/3rdparty/roundcube/program/include/rcmail_action.php on line 239
[02-Jun-2023 21:33:33 America/Bogota] PHP Warning:  Undefined array key "message" in /usr/local/cpanel/base/3rdparty/roundcube/program/include/rcmail_action.php on line 239
[02-Jun-2023 21:33:33 America/Bogota] PHP Warning:  Undefined array key "message" in /usr/local/cpanel/base/3rdparty/roundcube/program/include/rcmail_action.php on line 239
[02-Jun-2023 21:33:47 America/Bogota] PHP Warning:  Undefined array key "message" in /usr/local/cpanel/base/3rdparty/roundcube/program/include/rcmail_action.php on line 239
[02-Jun-2023 21:33:47 America/Bogota] PHP Warning:  Undefined array key "message" in /usr/local/cpanel/base/3rdparty/roundcube/program/include/rcmail_action.php on line 239
[02-Jun-2023 21:33:56 America/Bogota] PHP Warning:  Undefined array key "message" in /usr/local/cpanel/base/3rdparty/roundcube/program/include/rcmail_action.php on line 239
[02-Jun-2023 21:33:56 America/Bogota] PHP Warning:  Undefined array key "message" in /usr/local/cpanel/base/3rdparty/roundcube/program/include/rcmail_action.php on line 239
[02-Jun-2023 21:33:57 America/Bogota] PHP Warning:  Undefined array key "message" in /usr/local/cpanel/base/3rdparty/roundcube/program/include/rcmail_action.php on line 239
[02-Jun-2023 21:33:57 America/Bogota] PHP Warning:  Undefined array key "message" in /usr/local/cpanel/base/3rdparty/roundcube/program/include/rcmail_action.php on line 239
[02-Jun-2023 21:34:01 America/Bogota] PHP Warning:  Undefined array key "message" in /usr/local/cpanel/base/3rdparty/roundcube/program/include/rcmail_action.php on line 239
[02-Jun-2023 21:34:01 America/Bogota] PHP Warning:  Undefined array key "message" in /usr/local/cpanel/base/3rdparty/roundcube/program/include/rcmail_action.php on line 239
[02-Jun-2023 21:34:07 America/Bogota] PHP Warning:  Undefined array key "message" in /usr/local/cpanel/base/3rdparty/roundcube/program/include/rcmail_action.php on line 239
[02-Jun-2023 21:34:07 America/Bogota] PHP Warning:  Undefined array key "message" in /usr/local/cpanel/base/3rdparty/roundcube/program/include/rcmail_action.php on line 239
[02-Jun-2023 21:34:07 America/Bogota] PHP Warning:  Undefined array key "message" in /usr/local/cpanel/base/3rdparty/roundcube/program/include/rcmail_action.php on line 239
[02-Jun-2023 21:34:07 America/Bogota] PHP Warning:  Undefined array key "message" in /usr/local/cpanel/base/3rdparty/roundcube/program/include/rcmail_action.php on line 239
[02-Jun-2023 21:34:09 America/Bogota] PHP Warning:  Undefined array key "message" in /usr/local/cpanel/base/3rdparty/roundcube/program/include/rcmail_action.php on line 239
[02-Jun-2023 21:34:09 America/Bogota] PHP Warning:  Undefined array key "message" in /usr/local/cpanel/base/3rdparty/roundcube/program/include/rcmail_action.php on line 239
[02-Jun-2023 21:34:43 America/Bogota] PHP Deprecated:  preg_match(): Passing null to parameter #2 ($subject) of type string is deprecated in /usr/local/cpanel/base/3rdparty/roundcube/program/lib/Roundcube/bootstrap.php on line 155
[02-Jun-2023 21:34:43 America/Bogota] PHP Deprecated:  preg_match(): Passing null to parameter #2 ($subject) of type string is deprecated in /usr/local/cpanel/base/3rdparty/roundcube/program/lib/Roundcube/bootstrap.php on line 155
[02-Jun-2023 21:34:45 America/Bogota] PHP Deprecated:  preg_match(): Passing null to parameter #2 ($subject) of type string is deprecated in /usr/local/cpanel/base/3rdparty/roundcube/program/lib/Roundcube/bootstrap.php on line 155
[02-Jun-2023 21:34:45 America/Bogota] PHP Deprecated:  preg_match(): Passing null to parameter #2 ($subject) of type string is deprecated in /usr/local/cpanel/base/3rdparty/roundcube/program/lib/Roundcube/bootstrap.php on line 155
[02-Jun-2023 21:35:10 America/Bogota] PHP Warning:  Undefined array key "message" in /usr/local/cpanel/base/3rdparty/roundcube/program/include/rcmail_action.php on line 239
[02-Jun-2023 21:35:10 America/Bogota] PHP Warning:  Undefined array key "message" in /usr/local/cpanel/base/3rdparty/roundcube/program/include/rcmail_action.php on line 239
[02-Jun-2023 21:35:11 America/Bogota] PHP Warning:  Undefined array key "message" in /usr/local/cpanel/base/3rdparty/roundcube/program/include/rcmail_action.php on line 239
[02-Jun-2023 21:35:11 America/Bogota] PHP Warning:  Undefined array key "message" in /usr/local/cpanel/base/3rdparty/roundcube/program/include/rcmail_action.php on line 239
[02-Jun-2023 21:36:11 America/Bogota] PHP Warning:  Undefined array key "message" in /usr/local/cpanel/base/3rdparty/roundcube/program/include/rcmail_action.php on line 239
[02-Jun-2023 21:36:11 America/Bogota] PHP Warning:  Undefined array key "message" in /usr/local/cpanel/base/3rdparty/roundcube/program/include/rcmail_action.php on line 239
[02-Jun-2023 21:46:03 America/Bogota] PHP Warning:  Undefined array key "message" in /usr/local/cpanel/base/3rdparty/roundcube/program/include/rcmail_action.php on line 239
[02-Jun-2023 21:46:03 America/Bogota] PHP Warning:  Undefined array key "message" in /usr/local/cpanel/base/3rdparty/roundcube/program/include/rcmail_action.php on line 239
[02-Jun-2023 21:46:05 America/Bogota] PHP Warning:  Undefined array key "message" in /usr/local/cpanel/base/3rdparty/roundcube/program/include/rcmail_action.php on line 239
[02-Jun-2023 21:46:05 America/Bogota] PHP Warning:  Undefined array key "message" in /usr/local/cpanel/base/3rdparty/roundcube/program/include/rcmail_action.php on line 239
